
Transition: Zero
UpdateCTestConfiguration  from :/local/shr/zerocost_root/rlbox_lucet_sandbox/build_release/DartConfiguration.tcl
Parse Config file:/local/shr/zerocost_root/rlbox_lucet_sandbox/build_release/DartConfiguration.tcl
UpdateCTestConfiguration  from :/local/shr/zerocost_root/rlbox_lucet_sandbox/build_release/DartConfiguration.tcl
Parse Config file:/local/shr/zerocost_root/rlbox_lucet_sandbox/build_release/DartConfiguration.tcl
Test project /local/shr/zerocost_root/rlbox_lucet_sandbox/build_release
Constructing a list of tests
Done constructing a list of tests
Updating test list for fixtures
Added 0 tests to meet fixture requirements
Checking test dependency graph...
Checking test dependency graph end
test 1
    Start 1: sandbox glue tests rlbox_lucet_sandbox

1: Test command: /local/shr/zerocost_root/rlbox_lucet_sandbox/build_release/test_rlbox_glue "sandbox glue tests rlbox_lucet_sandbox"
1: Test timeout computed to be: 1500
1: simpleAddTest
1: simpleAddTest
1: simpleCallbackTest
1: simpleCallbackTest
1: simpleEchoTest
1: simpleFloatAddTest
1: simpleDoubleAddTest
1: simpleFloatAddTest
1: simplePointerValAddTest
1: Filters: sandbox glue tests rlbox_lucet_sandbox
1: Unsandboxed function invocation time: 0
1: Sandboxed function invocation time: 81
1: Unsandboxed callback invocation time: 0
1: Sandboxed callback invocation time: 37
1: Unsandboxed syscall callback invocation time: 29
1: Sandboxed syscall callback invocation time: 66
1: ===============================================================================
1: All tests passed (46 assertions in 1 test case)
1: 
1/3 Test #1: sandbox glue tests rlbox_lucet_sandbox ............   Passed    0.23 sec
test 2
    Start 2: sandbox glue tests rlbox_lucet_sandbox preload

2: Test command: /local/shr/zerocost_root/rlbox_lucet_sandbox/build_release/test_rlbox_glue "sandbox glue tests rlbox_lucet_sandbox preload"
2: Test timeout computed to be: 1500
2: Filters: sandbox glue tests rlbox_lucet_sandbox preload
2: Unsandboxed function invocation time: 0
2: Sandboxed function invocation time: 81
2: Unsandboxed callback invocation time: 0
2: Sandboxed callback invocation time: 37
2: Unsandboxed syscall callback invocation time: 29
2: Sandboxed syscall callback invocation time: 66
2: ===============================================================================
2: All tests passed (46 assertions in 1 test case)
2: 
2/3 Test #2: sandbox glue tests rlbox_lucet_sandbox preload ....   Passed    0.22 sec
test 3
    Start 3: sandbox glue tests rlbox_lucet_sandbox embedder

3: Test command: /local/shr/zerocost_root/rlbox_lucet_sandbox/build_release/test_rlbox_glue "sandbox glue tests rlbox_lucet_sandbox embedder"
3: Test timeout computed to be: 1500
3: simpleAddTest
3: simpleAddTest
3: simpleCallbackTest
3: simpleCallbackTest
3: simpleEchoTest
3: simpleFloatAddTest
3: simpleDoubleAddTest
3: simpleFloatAddTest
3: simplePointerValAddTest
3: Filters: sandbox glue tests rlbox_lucet_sandbox embedder
3: Unsandboxed function invocation time: 0
3: Sandboxed function invocation time: 81
3: Unsandboxed callback invocation time: 0
3: Sandboxed callback invocation time: 37
3: Unsandboxed syscall callback invocation time: 29
3: Sandboxed syscall callback invocation time: 66
3: ===============================================================================
3: All tests passed (46 assertions in 1 test case)
3: 
3/3 Test #3: sandbox glue tests rlbox_lucet_sandbox embedder ...   Passed    0.23 sec

100% tests passed, 0 tests failed out of 3

Label Time Summary:
[sandbox_glue_tests]    =   0.68 sec*proc (3 tests)

Total Test time (real) =   0.68 sec
Transition: Heavy
UpdateCTestConfiguration  from :/local/shr/zerocost_root/zerocost_testing_sandbox/build_release/DartConfiguration.tcl
Parse Config file:/local/shr/zerocost_root/zerocost_testing_sandbox/build_release/DartConfiguration.tcl
UpdateCTestConfiguration  from :/local/shr/zerocost_root/zerocost_testing_sandbox/build_release/DartConfiguration.tcl
Parse Config file:/local/shr/zerocost_root/zerocost_testing_sandbox/build_release/DartConfiguration.tcl
Test project /local/shr/zerocost_root/zerocost_testing_sandbox/build_release
Constructing a list of tests
Done constructing a list of tests
Updating test list for fixtures
Added 0 tests to meet fixture requirements
Checking test dependency graph...
Checking test dependency graph end
test 1
    Start 1: sandbox glue tests rlbox_lucet_sandbox

1: Test command: /local/shr/zerocost_root/zerocost_testing_sandbox/build_release/test_rlbox_glue "sandbox glue tests rlbox_lucet_sandbox"
1: Test timeout computed to be: 1500
1: simpleAddTest
1: simpleAddTest
1: simpleCallbackTest
1: simpleCallbackTest
1: simpleEchoTest
1: simpleFloatAddTest
1: simpleDoubleAddTest
1: simpleFloatAddTest
1: simplePointerValAddTest
1: Filters: sandbox glue tests rlbox_lucet_sandbox
1: Unsandboxed function invocation time: 0
1: Sandboxed function invocation time: 203
1: Unsandboxed callback invocation time: 0
1: Sandboxed callback invocation time: 111
1: Unsandboxed syscall callback invocation time: 30
1: Sandboxed syscall callback invocation time: 148
1: ===============================================================================
1: All tests passed (46 assertions in 1 test case)
1: 
1/5 Test #1: sandbox glue tests rlbox_lucet_sandbox .................   Passed    0.50 sec
test 2
    Start 2: sandbox glue tests rlbox_lucet_sandbox preload

2: Test command: /local/shr/zerocost_root/zerocost_testing_sandbox/build_release/test_rlbox_glue "sandbox glue tests rlbox_lucet_sandbox preload"
2: Test timeout computed to be: 1500
2: Filters: sandbox glue tests rlbox_lucet_sandbox preload
2: Unsandboxed function invocation time: 0
2: Sandboxed function invocation time: 203
2: Unsandboxed callback invocation time: 0
2: Sandboxed callback invocation time: 107
2: Unsandboxed syscall callback invocation time: 30
2: Sandboxed syscall callback invocation time: 146
2: ===============================================================================
2: All tests passed (46 assertions in 1 test case)
2: 
2/5 Test #2: sandbox glue tests rlbox_lucet_sandbox preload .........   Passed    0.50 sec
test 3
    Start 3: sandbox glue tests rlbox_lucet_sandbox embedder

3: Test command: /local/shr/zerocost_root/zerocost_testing_sandbox/build_release/test_rlbox_glue "sandbox glue tests rlbox_lucet_sandbox embedder"
3: Test timeout computed to be: 1500
3: simpleAddTest
3: simpleAddTest
3: simpleCallbackTest
3: simpleCallbackTest
3: simpleEchoTest
3: simpleFloatAddTest
3: simpleDoubleAddTest
3: simpleFloatAddTest
3: simplePointerValAddTest
3: Filters: sandbox glue tests rlbox_lucet_sandbox embedder
3: Unsandboxed function invocation time: 0
3: Sandboxed function invocation time: 211
3: Unsandboxed callback invocation time: 0
3: Sandboxed callback invocation time: 109
3: Unsandboxed syscall callback invocation time: 30
3: Sandboxed syscall callback invocation time: 149
3: ===============================================================================
3: All tests passed (46 assertions in 1 test case)
3: 
3/5 Test #3: sandbox glue tests rlbox_lucet_sandbox embedder ........   Passed    0.51 sec
test 4
    Start 4: sandbox glue tests rlbox_lucet_sandbox noswitchstack

4: Test command: /local/shr/zerocost_root/zerocost_testing_sandbox/build_release/test_rlbox_glue_noswitchstack "sandbox glue tests rlbox_lucet_sandbox noswitchstack"
4: Test timeout computed to be: 1500
4: simpleAddTest
4: simpleAddTest
4: simpleCallbackTest
4: simpleCallbackTest
4: simpleEchoTest
4: simpleFloatAddTest
4: simpleDoubleAddTest
4: simpleFloatAddTest
4: simplePointerValAddTest
4: Filters: sandbox glue tests rlbox_lucet_sandbox noswitchstack
4: Unsandboxed function invocation time: 0
4: Sandboxed function invocation time: 194
4: Unsandboxed callback invocation time: 0
4: Sandboxed callback invocation time: 92
4: Unsandboxed syscall callback invocation time: 30
4: Sandboxed syscall callback invocation time: 129
4: ===============================================================================
4: All tests passed (46 assertions in 1 test case)
4: 
4/5 Test #4: sandbox glue tests rlbox_lucet_sandbox noswitchstack ...   Passed    0.46 sec
test 5
    Start 5: sandbox glue tests rlbox_lucet_sandbox windows mode

5: Test command: /local/shr/zerocost_root/zerocost_testing_sandbox/build_release/test_rlbox_glue_windowsmode "sandbox glue tests rlbox_lucet_sandbox windows mode"
5: Test timeout computed to be: 1500
5: simpleAddTest
5: simpleAddTest
5: simpleCallbackTest
5: simpleCallbackTest
5: simpleEchoTest
5: simpleFloatAddTest
5: simpleDoubleAddTest
5: simpleFloatAddTest
5: simplePointerValAddTest
5: Filters: sandbox glue tests rlbox_lucet_sandbox windows mode
5: Unsandboxed function invocation time: 0
5: Sandboxed function invocation time: 208
5: Unsandboxed callback invocation time: 0
5: Sandboxed callback invocation time: 108
5: Unsandboxed syscall callback invocation time: 30
5: Sandboxed syscall callback invocation time: 144
5: ===============================================================================
5: All tests passed (46 assertions in 1 test case)
5: 
5/5 Test #5: sandbox glue tests rlbox_lucet_sandbox windows mode ....   Passed    0.50 sec

100% tests passed, 0 tests failed out of 5

Label Time Summary:
[sandbox_glue_tests]    =   2.48 sec*proc (5 tests)

Total Test time (real) =   2.48 sec
Transition: Lucet
UpdateCTestConfiguration  from :/local/shr/zerocost_root/rlbox_lucetstock_sandbox/build_release/DartConfiguration.tcl
Parse Config file:/local/shr/zerocost_root/rlbox_lucetstock_sandbox/build_release/DartConfiguration.tcl
UpdateCTestConfiguration  from :/local/shr/zerocost_root/rlbox_lucetstock_sandbox/build_release/DartConfiguration.tcl
Parse Config file:/local/shr/zerocost_root/rlbox_lucetstock_sandbox/build_release/DartConfiguration.tcl
Test project /local/shr/zerocost_root/rlbox_lucetstock_sandbox/build_release
Constructing a list of tests
Done constructing a list of tests
Updating test list for fixtures
Added 0 tests to meet fixture requirements
Checking test dependency graph...
Checking test dependency graph end
test 1
    Start 1: sandbox glue tests rlbox_lucet_sandbox

1: Test command: /local/shr/zerocost_root/rlbox_lucetstock_sandbox/build_release/test_rlbox_glue "sandbox glue tests rlbox_lucet_sandbox"
1: Test timeout computed to be: 1500
1: simpleAddTest
1: simpleAddTest
1: simpleCallbackTest
1: simpleCallbackTest
1: simpleEchoTest
1: simpleFloatAddTest
1: simpleDoubleAddTest
1: simpleFloatAddTest
1: simplePointerValAddTest
1: Filters: sandbox glue tests rlbox_lucet_sandbox
1: Unsandboxed function invocation time: 0
1: Sandboxed function invocation time: 1074
1: Unsandboxed callback invocation time: 0
1: Sandboxed callback invocation time: 37
1: Unsandboxed syscall callback invocation time: 29
1: Sandboxed syscall callback invocation time: 66
1: ===============================================================================
1: All tests passed (46 assertions in 1 test case)
1: 
1/3 Test #1: sandbox glue tests rlbox_lucet_sandbox ............   Passed    1.22 sec
test 2
    Start 2: sandbox glue tests rlbox_lucet_sandbox preload

2: Test command: /local/shr/zerocost_root/rlbox_lucetstock_sandbox/build_release/test_rlbox_glue "sandbox glue tests rlbox_lucet_sandbox preload"
2: Test timeout computed to be: 1500
2: Filters: sandbox glue tests rlbox_lucet_sandbox preload
2: Unsandboxed function invocation time: 0
2: Sandboxed function invocation time: 1086
2: Unsandboxed callback invocation time: 0
2: Sandboxed callback invocation time: 37
2: Unsandboxed syscall callback invocation time: 29
2: Sandboxed syscall callback invocation time: 66
2: ===============================================================================
2: All tests passed (46 assertions in 1 test case)
2: 
2/3 Test #2: sandbox glue tests rlbox_lucet_sandbox preload ....   Passed    1.23 sec
test 3
    Start 3: sandbox glue tests rlbox_lucet_sandbox embedder

3: Test command: /local/shr/zerocost_root/rlbox_lucetstock_sandbox/build_release/test_rlbox_glue "sandbox glue tests rlbox_lucet_sandbox embedder"
3: Test timeout computed to be: 1500
3: simpleAddTest
3: simpleAddTest
3: simpleCallbackTest
3: simpleCallbackTest
3: simpleEchoTest
3: simpleFloatAddTest
3: simpleDoubleAddTest
3: simpleFloatAddTest
3: simplePointerValAddTest
3: Filters: sandbox glue tests rlbox_lucet_sandbox embedder
3: Unsandboxed function invocation time: 0
3: Sandboxed function invocation time: 1077
3: Unsandboxed callback invocation time: 0
3: Sandboxed callback invocation time: 37
3: Unsandboxed syscall callback invocation time: 29
3: Sandboxed syscall callback invocation time: 66
3: ===============================================================================
3: All tests passed (46 assertions in 1 test case)
3: 
3/3 Test #3: sandbox glue tests rlbox_lucet_sandbox embedder ...   Passed    1.22 sec

100% tests passed, 0 tests failed out of 3

Label Time Summary:
[sandbox_glue_tests]    =   3.67 sec*proc (3 tests)

Total Test time (real) =   3.67 sec
Transition: Mpkheavy
UpdateCTestConfiguration  from :/local/shr/zerocost_root/rlbox_mpk_sandbox/build_release/DartConfiguration.tcl
Parse Config file:/local/shr/zerocost_root/rlbox_mpk_sandbox/build_release/DartConfiguration.tcl
UpdateCTestConfiguration  from :/local/shr/zerocost_root/rlbox_mpk_sandbox/build_release/DartConfiguration.tcl
Parse Config file:/local/shr/zerocost_root/rlbox_mpk_sandbox/build_release/DartConfiguration.tcl
Test project /local/shr/zerocost_root/rlbox_mpk_sandbox/build_release
Constructing a list of tests
Done constructing a list of tests
Updating test list for fixtures
Added 0 tests to meet fixture requirements
Checking test dependency graph...
Checking test dependency graph end
test 1
    Start 1: sandbox glue tests rlbox_mpk_sandbox

1: Test command: /local/shr/zerocost_root/rlbox_mpk_sandbox/build_release/test_rlbox_glue "sandbox glue tests rlbox_mpk_sandbox"
1: Test timeout computed to be: 1500
1: Filters: sandbox glue tests rlbox_mpk_sandbox
1: simpleAddTest
1: simpleAddTest
1: simpleCallbackTest
1: simpleCallbackTest
1: simpleEchoTest
1: simpleFloatAddTest
1: simpleDoubleAddTest
1: simpleFloatAddTest
1: simplePointerValAddTest
1: Unsandboxed function invocation time: 0
1: Sandboxed function invocation time: 204
1: Unsandboxed callback invocation time: 0
1: Sandboxed callback invocation time: 126
1: Unsandboxed syscall callback invocation time: 30
1: Sandboxed syscall callback invocation time: 161
1: ===============================================================================
1: All tests passed (46 assertions in 1 test case)
1: 
1/2 Test #1: sandbox glue tests rlbox_mpk_sandbox ................   Passed    0.53 sec
test 2
    Start 2: sandbox glue tests rlbox_mpk_sandbox windows mode

2: Test command: /local/shr/zerocost_root/rlbox_mpk_sandbox/build_release/test_rlbox_glue_windowsmode "sandbox glue tests rlbox_mpk_sandbox windows mode"
2: Test timeout computed to be: 1500
2: Filters: sandbox glue tests rlbox_mpk_sandbox windows mode
2: simpleAddTest
2: simpleAddTest
2: simpleCallbackTest
2: simpleCallbackTest
2: simpleEchoTest
2: simpleFloatAddTest
2: simpleDoubleAddTest
2: simpleFloatAddTest
2: simplePointerValAddTest
2: Unsandboxed function invocation time: 0
2: Sandboxed function invocation time: 210
2: Unsandboxed callback invocation time: 0
2: Sandboxed callback invocation time: 126
2: Unsandboxed syscall callback invocation time: 30
2: Sandboxed syscall callback invocation time: 161
2: ===============================================================================
2: All tests passed (46 assertions in 1 test case)
2: 
2/2 Test #2: sandbox glue tests rlbox_mpk_sandbox windows mode ...   Passed    0.53 sec

100% tests passed, 0 tests failed out of 2

Label Time Summary:
[sandbox_glue_tests]    =   1.06 sec*proc (2 tests)

Total Test time (real) =   1.11 sec
Transition: Mpkzero
UpdateCTestConfiguration  from :/local/shr/zerocost_root/rlbox_mpkzerocost_sandbox/build_release/DartConfiguration.tcl
Parse Config file:/local/shr/zerocost_root/rlbox_mpkzerocost_sandbox/build_release/DartConfiguration.tcl
UpdateCTestConfiguration  from :/local/shr/zerocost_root/rlbox_mpkzerocost_sandbox/build_release/DartConfiguration.tcl
Parse Config file:/local/shr/zerocost_root/rlbox_mpkzerocost_sandbox/build_release/DartConfiguration.tcl
Test project /local/shr/zerocost_root/rlbox_mpkzerocost_sandbox/build_release
Constructing a list of tests
Done constructing a list of tests
Updating test list for fixtures
Added 0 tests to meet fixture requirements
Checking test dependency graph...
Checking test dependency graph end
test 1
    Start 1: sandbox glue tests rlbox_mpk_sandbox

1: Test command: /local/shr/zerocost_root/rlbox_mpkzerocost_sandbox/build_release/test_rlbox_glue "sandbox glue tests rlbox_mpk_sandbox"
1: Test timeout computed to be: 1500
1: Filters: sandbox glue tests rlbox_mpk_sandbox
1: simpleAddTest
1: simpleAddTest
1: simpleCallbackTest
1: simpleCallbackTest
1: simpleEchoTest
1: simpleFloatAddTest
1: simpleDoubleAddTest
1: simpleFloatAddTest
1: simplePointerValAddTest
1: Unsandboxed function invocation time: 0
1: Sandboxed function invocation time: 97
1: Unsandboxed callback invocation time: 0
1: Sandboxed callback invocation time: 54
1: Unsandboxed syscall callback invocation time: 29
1: Sandboxed syscall callback invocation time: 81
1: ===============================================================================
1: All tests passed (46 assertions in 1 test case)
1: 
1/1 Test #1: sandbox glue tests rlbox_mpk_sandbox ...   Passed    0.27 sec

100% tests passed, 0 tests failed out of 1

Label Time Summary:
[sandbox_glue_tests]    =   0.27 sec*proc (1 test)

Total Test time (real) =   0.27 sec
---------
Transition: Zero
1: Filters: sandbox glue tests rlbox_lucet_sandbox
1: Sandboxed function invocation time: 81
1: Sandboxed callback invocation time: 37
1: Sandboxed syscall callback invocation time: 66
2: Filters: sandbox glue tests rlbox_lucet_sandbox preload
2: Sandboxed function invocation time: 81
2: Sandboxed callback invocation time: 37
2: Sandboxed syscall callback invocation time: 66
3: Filters: sandbox glue tests rlbox_lucet_sandbox embedder
3: Sandboxed function invocation time: 81
3: Sandboxed callback invocation time: 37
3: Sandboxed syscall callback invocation time: 66
Transition: Heavy
1: Filters: sandbox glue tests rlbox_lucet_sandbox
1: Sandboxed function invocation time: 203
1: Sandboxed callback invocation time: 111
1: Sandboxed syscall callback invocation time: 148
2: Filters: sandbox glue tests rlbox_lucet_sandbox preload
2: Sandboxed function invocation time: 203
2: Sandboxed callback invocation time: 107
2: Sandboxed syscall callback invocation time: 146
3: Filters: sandbox glue tests rlbox_lucet_sandbox embedder
3: Sandboxed function invocation time: 211
3: Sandboxed callback invocation time: 109
3: Sandboxed syscall callback invocation time: 149
4: Filters: sandbox glue tests rlbox_lucet_sandbox noswitchstack
4: Sandboxed function invocation time: 194
4: Sandboxed callback invocation time: 92
4: Sandboxed syscall callback invocation time: 129
5: Filters: sandbox glue tests rlbox_lucet_sandbox windows mode
5: Sandboxed function invocation time: 208
5: Sandboxed callback invocation time: 108
5: Sandboxed syscall callback invocation time: 144
Transition: Lucet
1: Filters: sandbox glue tests rlbox_lucet_sandbox
1: Sandboxed function invocation time: 1074
1: Sandboxed callback invocation time: 37
1: Sandboxed syscall callback invocation time: 66
2: Filters: sandbox glue tests rlbox_lucet_sandbox preload
2: Sandboxed function invocation time: 1086
2: Sandboxed callback invocation time: 37
2: Sandboxed syscall callback invocation time: 66
3: Filters: sandbox glue tests rlbox_lucet_sandbox embedder
3: Sandboxed function invocation time: 1077
3: Sandboxed callback invocation time: 37
3: Sandboxed syscall callback invocation time: 66
Transition: Mpkheavy
1: Filters: sandbox glue tests rlbox_mpk_sandbox
1: Sandboxed function invocation time: 204
1: Sandboxed callback invocation time: 126
1: Sandboxed syscall callback invocation time: 161
2: Filters: sandbox glue tests rlbox_mpk_sandbox windows mode
2: Sandboxed function invocation time: 210
2: Sandboxed callback invocation time: 126
2: Sandboxed syscall callback invocation time: 161
Transition: Mpkzero
1: Filters: sandbox glue tests rlbox_mpk_sandbox
1: Sandboxed function invocation time: 97
1: Sandboxed callback invocation time: 54
1: Sandboxed syscall callback invocation time: 81
