
Transition: Zero
UpdateCTestConfiguration  from :/home/shr/Code/zerocost/rlbox_lucet_sandbox/build_release/DartConfiguration.tcl
Parse Config file:/home/shr/Code/zerocost/rlbox_lucet_sandbox/build_release/DartConfiguration.tcl
UpdateCTestConfiguration  from :/home/shr/Code/zerocost/rlbox_lucet_sandbox/build_release/DartConfiguration.tcl
Parse Config file:/home/shr/Code/zerocost/rlbox_lucet_sandbox/build_release/DartConfiguration.tcl
Test project /home/shr/Code/zerocost/rlbox_lucet_sandbox/build_release
Constructing a list of tests
Done constructing a list of tests
Updating test list for fixtures
Added 0 tests to meet fixture requirements
Checking test dependency graph...
Checking test dependency graph end
test 1
    Start 1: sandbox glue tests rlbox_lucet_sandbox

1: Test command: /home/shr/Code/zerocost/rlbox_lucet_sandbox/build_release/test_rlbox_glue "sandbox glue tests rlbox_lucet_sandbox"
1: Test timeout computed to be: 1500
1: simpleAddTest
1: simpleAddTest
1: simpleCallbackTest
1: simpleCallbackTest
1: simpleEchoTest
1: simpleFloatAddTest
1: simpleDoubleAddTest
1: simpleFloatAddTest
1: simplePointerValAddTest
1: Filters: sandbox glue tests rlbox_lucet_sandbox
1: Unsandboxed function invocation time: 0
1: Sandboxed function invocation time: 49
1: Unsandboxed callback invocation time: 0
1: Sandboxed callback invocation time: 21
1: ===============================================================================
1: All tests passed (45 assertions in 1 test case)
1: 
1/3 Test #1: sandbox glue tests rlbox_lucet_sandbox ............   Passed    0.08 sec
test 2
    Start 2: sandbox glue tests rlbox_lucet_sandbox preload

2: Test command: /home/shr/Code/zerocost/rlbox_lucet_sandbox/build_release/test_rlbox_glue "sandbox glue tests rlbox_lucet_sandbox preload"
2: Test timeout computed to be: 1500
2: Filters: sandbox glue tests rlbox_lucet_sandbox preload
2: Unsandboxed function invocation time: 0
2: Sandboxed function invocation time: 45
2: Unsandboxed callback invocation time: 0
2: Sandboxed callback invocation time: 21
2: ===============================================================================
2: All tests passed (45 assertions in 1 test case)
2: 
2/3 Test #2: sandbox glue tests rlbox_lucet_sandbox preload ....   Passed    0.07 sec
test 3
    Start 3: sandbox glue tests rlbox_lucet_sandbox embedder

3: Test command: /home/shr/Code/zerocost/rlbox_lucet_sandbox/build_release/test_rlbox_glue "sandbox glue tests rlbox_lucet_sandbox embedder"
3: Test timeout computed to be: 1500
3: simpleAddTest
3: simpleAddTest
3: simpleCallbackTest
3: simpleCallbackTest
3: simpleEchoTest
3: simpleFloatAddTest
3: simpleDoubleAddTest
3: simpleFloatAddTest
3: simplePointerValAddTest
3: Filters: sandbox glue tests rlbox_lucet_sandbox embedder
3: Unsandboxed function invocation time: 0
3: Sandboxed function invocation time: 46
3: Unsandboxed callback invocation time: 0
3: Sandboxed callback invocation time: 21
3: ===============================================================================
3: All tests passed (45 assertions in 1 test case)
3: 
3/3 Test #3: sandbox glue tests rlbox_lucet_sandbox embedder ...   Passed    0.07 sec

100% tests passed, 0 tests failed out of 3

Label Time Summary:
[sandbox_glue_tests]    =   0.23 sec*proc (3 tests)

Total Test time (real) =   0.23 sec
Transition: Heavy
UpdateCTestConfiguration  from :/home/shr/Code/zerocost/zerocost_testing_sandbox/build_release/DartConfiguration.tcl
Parse Config file:/home/shr/Code/zerocost/zerocost_testing_sandbox/build_release/DartConfiguration.tcl
UpdateCTestConfiguration  from :/home/shr/Code/zerocost/zerocost_testing_sandbox/build_release/DartConfiguration.tcl
Parse Config file:/home/shr/Code/zerocost/zerocost_testing_sandbox/build_release/DartConfiguration.tcl
Test project /home/shr/Code/zerocost/zerocost_testing_sandbox/build_release
Constructing a list of tests
Done constructing a list of tests
Updating test list for fixtures
Added 0 tests to meet fixture requirements
Checking test dependency graph...
Checking test dependency graph end
test 1
    Start 1: sandbox glue tests rlbox_lucet_sandbox

1: Test command: /home/shr/Code/zerocost/zerocost_testing_sandbox/build_release/test_rlbox_glue "sandbox glue tests rlbox_lucet_sandbox"
1: Test timeout computed to be: 1500
1: simpleAddTest
1: simpleAddTest
1: simpleCallbackTest
1: simpleCallbackTest
1: simpleEchoTest
1: simpleFloatAddTest
1: simpleDoubleAddTest
1: simpleFloatAddTest
1: simplePointerValAddTest
1: Filters: sandbox glue tests rlbox_lucet_sandbox
1: Unsandboxed function invocation time: 0
1: Sandboxed function invocation time: 118
1: Unsandboxed callback invocation time: 0
1: Sandboxed callback invocation time: 61
1: ===============================================================================
1: All tests passed (45 assertions in 1 test case)
1: 
1/5 Test #1: sandbox glue tests rlbox_lucet_sandbox .................   Passed    0.19 sec
test 2
    Start 2: sandbox glue tests rlbox_lucet_sandbox preload

2: Test command: /home/shr/Code/zerocost/zerocost_testing_sandbox/build_release/test_rlbox_glue "sandbox glue tests rlbox_lucet_sandbox preload"
2: Test timeout computed to be: 1500
2: Filters: sandbox glue tests rlbox_lucet_sandbox preload
2: Unsandboxed function invocation time: 0
2: Sandboxed function invocation time: 116
2: Unsandboxed callback invocation time: 0
2: Sandboxed callback invocation time: 60
2: ===============================================================================
2: All tests passed (45 assertions in 1 test case)
2: 
2/5 Test #2: sandbox glue tests rlbox_lucet_sandbox preload .........   Passed    0.18 sec
test 3
    Start 3: sandbox glue tests rlbox_lucet_sandbox embedder

3: Test command: /home/shr/Code/zerocost/zerocost_testing_sandbox/build_release/test_rlbox_glue "sandbox glue tests rlbox_lucet_sandbox embedder"
3: Test timeout computed to be: 1500
3: simpleAddTest
3: simpleAddTest
3: simpleCallbackTest
3: simpleCallbackTest
3: simpleEchoTest
3: simpleFloatAddTest
3: simpleDoubleAddTest
3: simpleFloatAddTest
3: simplePointerValAddTest
3: Filters: sandbox glue tests rlbox_lucet_sandbox embedder
3: Unsandboxed function invocation time: 0
3: Sandboxed function invocation time: 116
3: Unsandboxed callback invocation time: 0
3: Sandboxed callback invocation time: 60
3: ===============================================================================
3: All tests passed (45 assertions in 1 test case)
3: 
3/5 Test #3: sandbox glue tests rlbox_lucet_sandbox embedder ........   Passed    0.18 sec
test 4
    Start 4: sandbox glue tests rlbox_lucet_sandbox noswitchstack

4: Test command: /home/shr/Code/zerocost/zerocost_testing_sandbox/build_release/test_rlbox_glue_noswitchstack "sandbox glue tests rlbox_lucet_sandbox noswitchstack"
4: Test timeout computed to be: 1500
4: simpleAddTest
4: simpleAddTest
4: simpleCallbackTest
4: simpleCallbackTest
4: simpleEchoTest
4: simpleFloatAddTest
4: simpleDoubleAddTest
4: simpleFloatAddTest
4: simplePointerValAddTest
4: Filters: sandbox glue tests rlbox_lucet_sandbox noswitchstack
4: Unsandboxed function invocation time: 0
4: Sandboxed function invocation time: 113
4: Unsandboxed callback invocation time: 0
4: Sandboxed callback invocation time: 51
4: ===============================================================================
4: All tests passed (45 assertions in 1 test case)
4: 
4/5 Test #4: sandbox glue tests rlbox_lucet_sandbox noswitchstack ...   Passed    0.17 sec
test 5
    Start 5: sandbox glue tests rlbox_lucet_sandbox windows mode

5: Test command: /home/shr/Code/zerocost/zerocost_testing_sandbox/build_release/test_rlbox_glue_windowsmode "sandbox glue tests rlbox_lucet_sandbox windows mode"
5: Test timeout computed to be: 1500
5: simpleAddTest
5: simpleAddTest
5: simpleCallbackTest
5: simpleCallbackTest
5: simpleEchoTest
5: simpleFloatAddTest
5: simpleDoubleAddTest
5: simpleFloatAddTest
5: simplePointerValAddTest
5: Filters: sandbox glue tests rlbox_lucet_sandbox windows mode
5: Unsandboxed function invocation time: 0
5: Sandboxed function invocation time: 124
5: Unsandboxed callback invocation time: 0
5: Sandboxed callback invocation time: 61
5: ===============================================================================
5: All tests passed (45 assertions in 1 test case)
5: 
5/5 Test #5: sandbox glue tests rlbox_lucet_sandbox windows mode ....   Passed    0.19 sec

100% tests passed, 0 tests failed out of 5

Label Time Summary:
[sandbox_glue_tests]    =   0.92 sec*proc (5 tests)

Total Test time (real) =   0.92 sec
Transition: Lucet
UpdateCTestConfiguration  from :/home/shr/Code/zerocost/rlbox_lucetstock_sandbox/build_release/DartConfiguration.tcl
Parse Config file:/home/shr/Code/zerocost/rlbox_lucetstock_sandbox/build_release/DartConfiguration.tcl
UpdateCTestConfiguration  from :/home/shr/Code/zerocost/rlbox_lucetstock_sandbox/build_release/DartConfiguration.tcl
Parse Config file:/home/shr/Code/zerocost/rlbox_lucetstock_sandbox/build_release/DartConfiguration.tcl
Test project /home/shr/Code/zerocost/rlbox_lucetstock_sandbox/build_release
Constructing a list of tests
Done constructing a list of tests
Updating test list for fixtures
Added 0 tests to meet fixture requirements
Checking test dependency graph...
Checking test dependency graph end
test 1
    Start 1: sandbox glue tests rlbox_lucet_sandbox

1: Test command: /home/shr/Code/zerocost/rlbox_lucetstock_sandbox/build_release/test_rlbox_glue "sandbox glue tests rlbox_lucet_sandbox"
1: Test timeout computed to be: 1500
1: simpleAddTest
1: simpleAddTest
1: simpleCallbackTest
1: simpleCallbackTest
1: simpleEchoTest
1: simpleFloatAddTest
1: simpleDoubleAddTest
1: simpleFloatAddTest
1: simplePointerValAddTest
1: Filters: sandbox glue tests rlbox_lucet_sandbox
1: Unsandboxed function invocation time: 0
1: Sandboxed function invocation time: 663
1: Unsandboxed callback invocation time: 0
1: Sandboxed callback invocation time: 21
1: ===============================================================================
1: All tests passed (45 assertions in 1 test case)
1: 
1/3 Test #1: sandbox glue tests rlbox_lucet_sandbox ............   Passed    0.69 sec
test 2
    Start 2: sandbox glue tests rlbox_lucet_sandbox preload

2: Test command: /home/shr/Code/zerocost/rlbox_lucetstock_sandbox/build_release/test_rlbox_glue "sandbox glue tests rlbox_lucet_sandbox preload"
2: Test timeout computed to be: 1500
2: Filters: sandbox glue tests rlbox_lucet_sandbox preload
2: Unsandboxed function invocation time: 0
2: Sandboxed function invocation time: 652
2: Unsandboxed callback invocation time: 0
2: Sandboxed callback invocation time: 21
2: ===============================================================================
2: All tests passed (45 assertions in 1 test case)
2: 
2/3 Test #2: sandbox glue tests rlbox_lucet_sandbox preload ....   Passed    0.68 sec
test 3
    Start 3: sandbox glue tests rlbox_lucet_sandbox embedder

3: Test command: /home/shr/Code/zerocost/rlbox_lucetstock_sandbox/build_release/test_rlbox_glue "sandbox glue tests rlbox_lucet_sandbox embedder"
3: Test timeout computed to be: 1500
3: simpleAddTest
3: simpleAddTest
3: simpleCallbackTest
3: simpleCallbackTest
3: simpleEchoTest
3: simpleFloatAddTest
3: simpleDoubleAddTest
3: simpleFloatAddTest
3: simplePointerValAddTest
3: Filters: sandbox glue tests rlbox_lucet_sandbox embedder
3: Unsandboxed function invocation time: 0
3: Sandboxed function invocation time: 651
3: Unsandboxed callback invocation time: 0
3: Sandboxed callback invocation time: 21
3: ===============================================================================
3: All tests passed (45 assertions in 1 test case)
3: 
3/3 Test #3: sandbox glue tests rlbox_lucet_sandbox embedder ...   Passed    0.68 sec

100% tests passed, 0 tests failed out of 3

Label Time Summary:
[sandbox_glue_tests]    =   2.05 sec*proc (3 tests)

Total Test time (real) =   2.05 sec
Transition: Mpkheavy
UpdateCTestConfiguration  from :/home/shr/Code/zerocost/rlbox_mpk_sandbox/build_release/DartConfiguration.tcl
Parse Config file:/home/shr/Code/zerocost/rlbox_mpk_sandbox/build_release/DartConfiguration.tcl
UpdateCTestConfiguration  from :/home/shr/Code/zerocost/rlbox_mpk_sandbox/build_release/DartConfiguration.tcl
Parse Config file:/home/shr/Code/zerocost/rlbox_mpk_sandbox/build_release/DartConfiguration.tcl
Test project /home/shr/Code/zerocost/rlbox_mpk_sandbox/build_release
Constructing a list of tests
Done constructing a list of tests
Updating test list for fixtures
Added 0 tests to meet fixture requirements
Checking test dependency graph...
Checking test dependency graph end
test 1
    Start 1: sandbox glue tests rlbox_mpk_sandbox

1: Test command: /home/shr/Code/zerocost/rlbox_mpk_sandbox/build_release/test_rlbox_glue "sandbox glue tests rlbox_mpk_sandbox"
1: Test timeout computed to be: 1500
1: Filters: sandbox glue tests rlbox_mpk_sandbox
1: simpleAddTest
1: simpleAddTest
1: simpleCallbackTest
1: simpleCallbackTest
1: simpleEchoTest
1: simpleFloatAddTest
1: simpleDoubleAddTest
1: simpleFloatAddTest
1: simplePointerValAddTest
1: Unsandboxed function invocation time: 0
1: Sandboxed function invocation time: 115
1: Unsandboxed callback invocation time: 0
1: Sandboxed callback invocation time: 59
1: ===============================================================================
1: All tests passed (45 assertions in 1 test case)
1: 
1/2 Test #1: sandbox glue tests rlbox_mpk_sandbox ................   Passed    0.18 sec
test 2
    Start 2: sandbox glue tests rlbox_mpk_sandbox windows mode

2: Test command: /home/shr/Code/zerocost/rlbox_mpk_sandbox/build_release/test_rlbox_glue_windowsmode "sandbox glue tests rlbox_mpk_sandbox windows mode"
2: Test timeout computed to be: 1500
2: Filters: sandbox glue tests rlbox_mpk_sandbox windows mode
2: simpleAddTest
2: simpleAddTest
2: simpleCallbackTest
2: simpleCallbackTest
2: simpleEchoTest
2: simpleFloatAddTest
2: simpleDoubleAddTest
2: simpleFloatAddTest
2: simplePointerValAddTest
2: Unsandboxed function invocation time: 0
2: Sandboxed function invocation time: 113
2: Unsandboxed callback invocation time: 0
2: Sandboxed callback invocation time: 59
2: ===============================================================================
2: All tests passed (45 assertions in 1 test case)
2: 
2/2 Test #2: sandbox glue tests rlbox_mpk_sandbox windows mode ...   Passed    0.18 sec

100% tests passed, 0 tests failed out of 2

Label Time Summary:
[sandbox_glue_tests]    =   0.35 sec*proc (2 tests)

Total Test time (real) =   0.36 sec
Transition: Mpkzero
UpdateCTestConfiguration  from :/home/shr/Code/zerocost/rlbox_mpkzerocost_sandbox/build_release/DartConfiguration.tcl
Parse Config file:/home/shr/Code/zerocost/rlbox_mpkzerocost_sandbox/build_release/DartConfiguration.tcl
UpdateCTestConfiguration  from :/home/shr/Code/zerocost/rlbox_mpkzerocost_sandbox/build_release/DartConfiguration.tcl
Parse Config file:/home/shr/Code/zerocost/rlbox_mpkzerocost_sandbox/build_release/DartConfiguration.tcl
Test project /home/shr/Code/zerocost/rlbox_mpkzerocost_sandbox/build_release
Constructing a list of tests
Done constructing a list of tests
Updating test list for fixtures
Added 0 tests to meet fixture requirements
Checking test dependency graph...
Checking test dependency graph end
test 1
    Start 1: sandbox glue tests rlbox_mpk_sandbox

1: Test command: /home/shr/Code/zerocost/rlbox_mpkzerocost_sandbox/build_release/test_rlbox_glue "sandbox glue tests rlbox_mpk_sandbox"
1: Test timeout computed to be: 1500
1: Filters: sandbox glue tests rlbox_mpk_sandbox
1: simpleAddTest
1: simpleAddTest
1: simpleCallbackTest
1: simpleCallbackTest
1: simpleEchoTest
1: simpleFloatAddTest
1: simpleDoubleAddTest
1: simpleFloatAddTest
1: simplePointerValAddTest
1: Unsandboxed function invocation time: 0
1: Sandboxed function invocation time: 46
1: Unsandboxed callback invocation time: 0
1: Sandboxed callback invocation time: 19
1: ===============================================================================
1: All tests passed (45 assertions in 1 test case)
1: 
1/1 Test #1: sandbox glue tests rlbox_mpk_sandbox ...   Passed    0.07 sec

100% tests passed, 0 tests failed out of 1

Label Time Summary:
[sandbox_glue_tests]    =   0.07 sec*proc (1 test)

Total Test time (real) =   0.07 sec
---------
Transition: Zero
1: Filters: sandbox glue tests rlbox_lucet_sandbox
1: Unsandboxed function invocation time: 0
1: Sandboxed function invocation time: 49
1: Unsandboxed callback invocation time: 0
1: Sandboxed callback invocation time: 21
2: Filters: sandbox glue tests rlbox_lucet_sandbox preload
2: Unsandboxed function invocation time: 0
2: Sandboxed function invocation time: 45
2: Unsandboxed callback invocation time: 0
2: Sandboxed callback invocation time: 21
3: Filters: sandbox glue tests rlbox_lucet_sandbox embedder
3: Unsandboxed function invocation time: 0
3: Sandboxed function invocation time: 46
3: Unsandboxed callback invocation time: 0
3: Sandboxed callback invocation time: 21
Transition: Heavy
1: Filters: sandbox glue tests rlbox_lucet_sandbox
1: Unsandboxed function invocation time: 0
1: Sandboxed function invocation time: 118
1: Unsandboxed callback invocation time: 0
1: Sandboxed callback invocation time: 61
2: Filters: sandbox glue tests rlbox_lucet_sandbox preload
2: Unsandboxed function invocation time: 0
2: Sandboxed function invocation time: 116
2: Unsandboxed callback invocation time: 0
2: Sandboxed callback invocation time: 60
3: Filters: sandbox glue tests rlbox_lucet_sandbox embedder
3: Unsandboxed function invocation time: 0
3: Sandboxed function invocation time: 116
3: Unsandboxed callback invocation time: 0
3: Sandboxed callback invocation time: 60
4: Filters: sandbox glue tests rlbox_lucet_sandbox noswitchstack
4: Unsandboxed function invocation time: 0
4: Sandboxed function invocation time: 113
4: Unsandboxed callback invocation time: 0
4: Sandboxed callback invocation time: 51
5: Filters: sandbox glue tests rlbox_lucet_sandbox windows mode
5: Unsandboxed function invocation time: 0
5: Sandboxed function invocation time: 124
5: Unsandboxed callback invocation time: 0
5: Sandboxed callback invocation time: 61
Transition: Lucet
1: Filters: sandbox glue tests rlbox_lucet_sandbox
1: Unsandboxed function invocation time: 0
1: Sandboxed function invocation time: 663
1: Unsandboxed callback invocation time: 0
1: Sandboxed callback invocation time: 21
2: Filters: sandbox glue tests rlbox_lucet_sandbox preload
2: Unsandboxed function invocation time: 0
2: Sandboxed function invocation time: 652
2: Unsandboxed callback invocation time: 0
2: Sandboxed callback invocation time: 21
3: Filters: sandbox glue tests rlbox_lucet_sandbox embedder
3: Unsandboxed function invocation time: 0
3: Sandboxed function invocation time: 651
3: Unsandboxed callback invocation time: 0
3: Sandboxed callback invocation time: 21
Transition: Mpkheavy
1: Filters: sandbox glue tests rlbox_mpk_sandbox
1: Unsandboxed function invocation time: 0
1: Sandboxed function invocation time: 115
1: Unsandboxed callback invocation time: 0
1: Sandboxed callback invocation time: 59
2: Filters: sandbox glue tests rlbox_mpk_sandbox windows mode
2: Unsandboxed function invocation time: 0
2: Sandboxed function invocation time: 113
2: Unsandboxed callback invocation time: 0
2: Sandboxed callback invocation time: 59
Transition: Mpkzero
1: Filters: sandbox glue tests rlbox_mpk_sandbox
1: Unsandboxed function invocation time: 0
1: Sandboxed function invocation time: 46
1: Unsandboxed callback invocation time: 0
1: Sandboxed callback invocation time: 19
